<?xml version="1.0" encoding="UTF-8"?>
<testng-results ignored="8" total="13" passed="4" failed="1" skipped="0">
  <reporter-output>
  </reporter-output>
  <suite started-at="2024-02-29T15:26:10 IST" name="RegressionSuite" finished-at="2024-02-29T15:27:31 IST" duration-ms="80029">
    <groups>
    </groups>
    <test started-at="2024-02-29T15:26:10 IST" name="Test" finished-at="2024-02-29T15:27:31 IST" duration-ms="80029">
      <class name="com.ap.testlayer.SignupTest">
        <test-method is-config="true" signature="start()[pri:0, instance:com.ap.testlayer.SignupTest@4f6ee6e4]" started-at="2024-02-29T15:26:11 IST" name="start" finished-at="2024-02-29T15:26:11 IST" duration-ms="134" status="PASS">
          <reporter-output>
          </reporter-output>
        </test-method> <!-- start -->
        <test-method is-config="true" signature="setUp()[pri:0, instance:com.ap.testlayer.SignupTest@4f6ee6e4]" started-at="2024-02-29T15:26:11 IST" name="setUp" finished-at="2024-02-29T15:26:15 IST" duration-ms="4584" status="PASS">
          <reporter-output>
          </reporter-output>
        </test-method> <!-- setUp -->
        <test-method signature="validate_signup_into_application_valid_details()[pri:0, instance:com.ap.testlayer.SignupTest@4f6ee6e4]" started-at="2024-02-29T15:26:15 IST" name="validate_signup_into_application_valid_details" finished-at="2024-02-29T15:26:22 IST" duration-ms="6390" status="FAIL">
          <exception class="java.lang.AssertionError">
            <message>
              <![CDATA[expected [https://ap-automation.odoo.com/my] but found [https://ap-automation.odoo.com/web/signup]]]>
            </message>
            <full-stacktrace>
              <![CDATA[java.lang.AssertionError: expected [https://ap-automation.odoo.com/my] but found [https://ap-automation.odoo.com/web/signup]
at org.testng.Assert.fail(Assert.java:99)
at org.testng.Assert.failNotEquals(Assert.java:1037)
at org.testng.Assert.assertEqualsImpl(Assert.java:140)
at org.testng.Assert.assertEquals(Assert.java:122)
at org.testng.Assert.assertEquals(Assert.java:629)
at org.testng.Assert.assertEquals(Assert.java:639)
at com.ap.testlayer.SignupTest.validate_signup_into_application_valid_details(SignupTest.java:31)
at java.base/jdk.internal.reflect.DirectMethodHandleAccessor.invoke(DirectMethodHandleAccessor.java:103)
at java.base/java.lang.reflect.Method.invoke(Method.java:580)
at org.testng.internal.MethodInvocationHelper.invokeMethod(MethodInvocationHelper.java:133)
at org.testng.internal.TestInvoker.invokeMethod(TestInvoker.java:598)
at org.testng.internal.TestInvoker.invokeTestMethod(TestInvoker.java:173)
at org.testng.internal.MethodRunner.runInSequence(MethodRunner.java:46)
at org.testng.internal.TestInvoker$MethodInvocationAgent.invoke(TestInvoker.java:824)
at org.testng.internal.TestInvoker.invokeTestMethods(TestInvoker.java:146)
at org.testng.internal.TestMethodWorker.invokeTestMethods(TestMethodWorker.java:146)
at org.testng.internal.TestMethodWorker.run(TestMethodWorker.java:128)
at java.base/java.util.ArrayList.forEach(ArrayList.java:1596)
at org.testng.TestRunner.privateRun(TestRunner.java:794)
at org.testng.TestRunner.run(TestRunner.java:596)
at org.testng.SuiteRunner.runTest(SuiteRunner.java:377)
at org.testng.SuiteRunner.runSequentially(SuiteRunner.java:371)
at org.testng.SuiteRunner.privateRun(SuiteRunner.java:332)
at org.testng.SuiteRunner.run(SuiteRunner.java:276)
at org.testng.SuiteRunnerWorker.runSuite(SuiteRunnerWorker.java:53)
at org.testng.SuiteRunnerWorker.run(SuiteRunnerWorker.java:96)
at org.testng.TestNG.runSuitesSequentially(TestNG.java:1212)
at org.testng.TestNG.runSuitesLocally(TestNG.java:1134)
at org.testng.TestNG.runSuites(TestNG.java:1063)
at org.testng.TestNG.run(TestNG.java:1031)
at org.testng.remote.AbstractRemoteTestNG.run(AbstractRemoteTestNG.java:115)
at org.testng.remote.RemoteTestNG.initAndRun(RemoteTestNG.java:251)
at org.testng.remote.RemoteTestNG.main(RemoteTestNG.java:77)
]]>
            </full-stacktrace>
          </exception> <!-- java.lang.AssertionError -->
          <reporter-output>
          </reporter-output>
        </test-method> <!-- validate_signup_into_application_valid_details -->
        <test-method is-config="true" signature="tearDown()[pri:0, instance:com.ap.testlayer.SignupTest@4f6ee6e4]" started-at="2024-02-29T15:26:22 IST" name="tearDown" finished-at="2024-02-29T15:26:22 IST" duration-ms="209" status="PASS">
          <reporter-output>
          </reporter-output>
        </test-method> <!-- tearDown -->
        <test-method is-config="true" signature="end()[pri:0, instance:com.ap.testlayer.SignupTest@4f6ee6e4]" started-at="2024-02-29T15:27:31 IST" name="end" finished-at="2024-02-29T15:27:31 IST" duration-ms="0" status="PASS">
          <reporter-output>
          </reporter-output>
        </test-method> <!-- end -->
      </class> <!-- com.ap.testlayer.SignupTest -->
      <class name="com.ap.testlayer.AddressTest">
        <test-method is-config="true" signature="setUp()[pri:0, instance:com.ap.testlayer.AddressTest@4cc451f2]" started-at="2024-02-29T15:26:31 IST" name="setUp" finished-at="2024-02-29T15:26:33 IST" duration-ms="2418" status="PASS">
          <reporter-output>
          </reporter-output>
        </test-method> <!-- setUp -->
        <test-method signature="addNewAddress()[pri:0, instance:com.ap.testlayer.AddressTest@4cc451f2]" started-at="2024-02-29T15:26:33 IST" name="addNewAddress" finished-at="2024-02-29T15:26:45 IST" duration-ms="11146" status="PASS">
          <reporter-output>
          </reporter-output>
        </test-method> <!-- addNewAddress -->
        <test-method is-config="true" signature="tearDown()[pri:0, instance:com.ap.testlayer.AddressTest@4cc451f2]" started-at="2024-02-29T15:26:45 IST" name="tearDown" finished-at="2024-02-29T15:26:45 IST" duration-ms="199" status="PASS">
          <reporter-output>
          </reporter-output>
        </test-method> <!-- tearDown -->
      </class> <!-- com.ap.testlayer.AddressTest -->
      <class name="com.ap.testlayer.ProductTest">
        <test-method is-config="true" signature="setUp()[pri:0, instance:com.ap.testlayer.ProductTest@294425a7]" started-at="2024-02-29T15:27:02 IST" name="setUp" finished-at="2024-02-29T15:27:04 IST" duration-ms="2273" status="PASS">
          <reporter-output>
          </reporter-output>
        </test-method> <!-- setUp -->
        <test-method signature="validate_sequence_of_byuing_product()[pri:0, instance:com.ap.testlayer.ProductTest@294425a7]" started-at="2024-02-29T15:27:04 IST" name="validate_sequence_of_byuing_product" finished-at="2024-02-29T15:27:30 IST" duration-ms="26218" status="PASS">
          <reporter-output>
          </reporter-output>
        </test-method> <!-- validate_sequence_of_byuing_product -->
        <test-method is-config="true" signature="tearDown()[pri:0, instance:com.ap.testlayer.ProductTest@294425a7]" started-at="2024-02-29T15:27:30 IST" name="tearDown" finished-at="2024-02-29T15:27:31 IST" duration-ms="142" status="PASS">
          <reporter-output>
          </reporter-output>
        </test-method> <!-- tearDown -->
      </class> <!-- com.ap.testlayer.ProductTest -->
      <class name="com.ap.testlayer.PaymentMethodTest">
        <test-method is-config="true" signature="setUp()[pri:0, instance:com.ap.testlayer.PaymentMethodTest@6379eb]" started-at="2024-02-29T15:26:45 IST" name="setUp" finished-at="2024-02-29T15:26:47 IST" duration-ms="2361" status="PASS">
          <reporter-output>
          </reporter-output>
        </test-method> <!-- setUp -->
        <test-method signature="validate_payment_method_with_valid_details()[pri:0, instance:com.ap.testlayer.PaymentMethodTest@6379eb]" started-at="2024-02-29T15:26:47 IST" name="validate_payment_method_with_valid_details" finished-at="2024-02-29T15:27:02 IST" duration-ms="14585" status="PASS">
          <reporter-output>
          </reporter-output>
        </test-method> <!-- validate_payment_method_with_valid_details -->
        <test-method is-config="true" signature="tearDown()[pri:0, instance:com.ap.testlayer.PaymentMethodTest@6379eb]" started-at="2024-02-29T15:27:02 IST" name="tearDown" finished-at="2024-02-29T15:27:02 IST" duration-ms="167" status="PASS">
          <reporter-output>
          </reporter-output>
        </test-method> <!-- tearDown -->
      </class> <!-- com.ap.testlayer.PaymentMethodTest -->
      <class name="com.ap.testlayer.LoginTest">
        <test-method is-config="true" signature="setUp()[pri:0, instance:com.ap.testlayer.LoginTest@4a94ee4]" started-at="2024-02-29T15:26:22 IST" name="setUp" finished-at="2024-02-29T15:26:24 IST" duration-ms="2240" status="PASS">
          <reporter-output>
          </reporter-output>
        </test-method> <!-- setUp -->
        <test-method signature="validate_login_functinality_with_valid_credentials()[pri:0, instance:com.ap.testlayer.LoginTest@4a94ee4]" started-at="2024-02-29T15:26:24 IST" name="validate_login_functinality_with_valid_credentials" finished-at="2024-02-29T15:26:31 IST" duration-ms="6652" status="PASS">
          <reporter-output>
          </reporter-output>
        </test-method> <!-- validate_login_functinality_with_valid_credentials -->
        <test-method is-config="true" signature="tearDown()[pri:0, instance:com.ap.testlayer.LoginTest@4a94ee4]" started-at="2024-02-29T15:26:31 IST" name="tearDown" finished-at="2024-02-29T15:26:31 IST" duration-ms="125" status="PASS">
          <reporter-output>
          </reporter-output>
        </test-method> <!-- tearDown -->
      </class> <!-- com.ap.testlayer.LoginTest -->
    </test> <!-- Test -->
  </suite> <!-- RegressionSuite -->
</testng-results>
