<?xml version="1.0" encoding="UTF-8"?>
<!-- Generated by org.testng.reporters.JUnitXMLReporter -->
<testsuite ignored="8" hostname="LAPTOP-9TCQ07PF" failures="1" tests="5" name="Test" time="80.029" errors="0" timestamp="2024-02-29T15:27:31 IST">
  <testcase classname="com.ap.testlayer.SignupTest" name="validate_signup_into_application_valid_details" time="6.39">
    <failure type="java.lang.AssertionError" message="expected [https://ap-automation.odoo.com/my] but found [https://ap-automation.odoo.com/web/signup]">
      <![CDATA[java.lang.AssertionError: expected [https://ap-automation.odoo.com/my] but found [https://ap-automation.odoo.com/web/signup]
at com.ap.testlayer.SignupTest.validate_signup_into_application_valid_details(SignupTest.java:31)
at java.base/java.util.ArrayList.forEach(ArrayList.java:1596)
... Removed 31 stack frames]]>
    </failure>
  </testcase> <!-- validate_signup_into_application_valid_details -->
  <testcase classname="com.ap.testlayer.LoginTest" name="validate_login_functinality_with_valid_credentials" time="6.652"/>
  <testcase classname="com.ap.testlayer.AddressTest" name="addNewAddress" time="11.146"/>
  <testcase classname="com.ap.testlayer.PaymentMethodTest" name="validate_payment_method_with_valid_details" time="14.585"/>
  <testcase classname="com.ap.testlayer.ProductTest" name="validate_sequence_of_byuing_product" time="26.218"/>
  <testcase classname="com.ap.testbase.TestBase" name="@BeforeTest start" time="0.0">
    <ignored/>
  </testcase> <!-- @BeforeTest start -->
  <testcase classname="com.ap.testbase.TestBase" name="@BeforeTest start" time="0.0">
    <ignored/>
  </testcase> <!-- @BeforeTest start -->
  <testcase classname="com.ap.testbase.TestBase" name="@BeforeTest start" time="0.0">
    <ignored/>
  </testcase> <!-- @BeforeTest start -->
  <testcase classname="com.ap.testbase.TestBase" name="@BeforeTest start" time="0.0">
    <ignored/>
  </testcase> <!-- @BeforeTest start -->
  <testcase classname="com.ap.testbase.TestBase" name="@AfterTest end" time="0.0">
    <ignored/>
  </testcase> <!-- @AfterTest end -->
  <testcase classname="com.ap.testbase.TestBase" name="@AfterTest end" time="0.0">
    <ignored/>
  </testcase> <!-- @AfterTest end -->
  <testcase classname="com.ap.testbase.TestBase" name="@AfterTest end" time="0.0">
    <ignored/>
  </testcase> <!-- @AfterTest end -->
  <testcase classname="com.ap.testbase.TestBase" name="@AfterTest end" time="0.0">
    <ignored/>
  </testcase> <!-- @AfterTest end -->
</testsuite> <!-- Test -->
